Log file opened on Thu Jul 19 15:56:44 2018
Host: kobram12.rk.phys.keio.ac.jp  pid: 24650  nodeid: 0  nnodes:  1
The Gromacs distribution was built @TMP_TIME@ by
maruyama@kobram12.rk.phys.keio.ac.jp [CMAKE] (@TMP_MACHINE@)


                         :-)  G  R  O  M  A  C  S  (-:

        Getting the Right Output Means no Artefacts in Calculating Stuff

                            :-)  VERSION 4.5.3  (-:

        Written by Emile Apol, Rossen Apostolov, Herman J.C. Berendsen,
      Aldert van Buuren, Pär Bjelkmar, Rudi van Drunen, Anton Feenstra, 
        Gerrit Groenhof, Peter Kasson, Per Larsson, Pieter Meulenhoff, 
           Teemu Murtola, Szilard Pall, Sander Pronk, Roland Schulz, 
                Michael Shirts, Alfons Sijbers, Peter Tieleman,

               Berk Hess, David van der Spoel, and Erik Lindahl.

       Copyright (c) 1991-2000, University of Groningen, The Netherlands.
            Copyright (c) 2001-2010, The GROMACS development team at
        Uppsala University & The Royal Institute of Technology, Sweden.
            check out http://www.gromacs.org for more information.

         This program is free software; you can redistribute it and/or
          modify it under the terms of the GNU General Public License
         as published by the Free Software Foundation; either version 2
             of the License, or (at your option) any later version.

                                :-)  mdrun  (-:


++++ PLEASE READ AND CITE THE FOLLOWING REFERENCE ++++
B. Hess and C. Kutzner and D. van der Spoel and E. Lindahl
GROMACS 4: Algorithms for highly efficient, load-balanced, and scalable
molecular simulation
J. Chem. Theory Comput. 4 (2008) pp. 435-447
-------- -------- --- Thank You --- -------- --------


++++ PLEASE READ AND CITE THE FOLLOWING REFERENCE ++++
D. van der Spoel, E. Lindahl, B. Hess, G. Groenhof, A. E. Mark and H. J. C.
Berendsen
GROMACS: Fast, Flexible and Free
J. Comp. Chem. 26 (2005) pp. 1701-1719
-------- -------- --- Thank You --- -------- --------


++++ PLEASE READ AND CITE THE FOLLOWING REFERENCE ++++
E. Lindahl and B. Hess and D. van der Spoel
GROMACS 3.0: A package for molecular simulation and trajectory analysis
J. Mol. Mod. 7 (2001) pp. 306-317
-------- -------- --- Thank You --- -------- --------


++++ PLEASE READ AND CITE THE FOLLOWING REFERENCE ++++
H. J. C. Berendsen, D. van der Spoel and R. van Drunen
GROMACS: A message-passing parallel molecular dynamics implementation
Comp. Phys. Comm. 91 (1995) pp. 43-56
-------- -------- --- Thank You --- -------- --------

Input Parameters:
   integrator           = steep
   nsteps               = 0
   init_step            = 0
   ns_type              = Grid
   nstlist              = 10
   ndelta               = 2
   nstcomm              = 10
   comm_mode            = Linear
   nstlog               = 100
   nstxout              = 100
   nstvout              = 100
   nstfout              = 0
   nstcalcenergy        = -1
   nstenergy            = 100
   nstxtcout            = 0
   init_t               = 0
   delta_t              = 0.002
   xtcprec              = 1000
   nkx                  = 0
   nky                  = 0
   nkz                  = 0
   pme_order            = 4
   ewald_rtol           = 1e-05
   ewald_geometry       = 0
   epsilon_surface      = 0
   optimize_fft         = TRUE
   ePBC                 = no
   bPeriodicMols        = FALSE
   bContinuation        = FALSE
   bShakeSOR            = FALSE
   etc                  = No
   nsttcouple           = -1
   epc                  = No
   epctype              = Isotropic
   nstpcouple           = -1
   tau_p                = 1
   ref_p (3x3):
      ref_p[    0]={ 0.00000e+00,  0.00000e+00,  0.00000e+00}
      ref_p[    1]={ 0.00000e+00,  0.00000e+00,  0.00000e+00}
      ref_p[    2]={ 0.00000e+00,  0.00000e+00,  0.00000e+00}
   compress (3x3):
      compress[    0]={ 0.00000e+00,  0.00000e+00,  0.00000e+00}
      compress[    1]={ 0.00000e+00,  0.00000e+00,  0.00000e+00}
      compress[    2]={ 0.00000e+00,  0.00000e+00,  0.00000e+00}
   refcoord_scaling     = No
   posres_com (3):
      posres_com[0]= 0.00000e+00
      posres_com[1]= 0.00000e+00
      posres_com[2]= 0.00000e+00
   posres_comB (3):
      posres_comB[0]= 0.00000e+00
      posres_comB[1]= 0.00000e+00
      posres_comB[2]= 0.00000e+00
   andersen_seed        = 815131
   rlist                = 6
   rlistlong            = 6
   rtpi                 = 0.05
   coulombtype          = Cut-off
   rcoulomb_switch      = 0
   rcoulomb             = 6
   vdwtype              = Cut-off
   rvdw_switch          = 0
   rvdw                 = 6
   epsilon_r            = 1
   epsilon_rf           = 1
   tabext               = 1
   implicit_solvent     = No
   gb_algorithm         = Still
   gb_epsilon_solvent   = 80
   nstgbradii           = 1
   rgbradii             = 1
   gb_saltconc          = 0
   gb_obc_alpha         = 1
   gb_obc_beta          = 0.8
   gb_obc_gamma         = 4.85
   gb_dielectric_offset = 0.009
   sa_algorithm         = Ace-approximation
   sa_surface_tension   = 2.05016
   DispCorr             = No
   free_energy          = no
   init_lambda          = 0
   delta_lambda         = 0
   n_foreign_lambda     = 0
   sc_alpha             = 0
   sc_power             = 0
   sc_sigma             = 0.3
   sc_sigma_min         = 0.3
   nstdhdl              = 10
   separate_dhdl_file   = yes
   dhdl_derivatives     = yes
   dh_hist_size         = 0
   dh_hist_spacing      = 0.1
   nwall                = 0
   wall_type            = 9-3
   wall_atomtype[0]     = -1
   wall_atomtype[1]     = -1
   wall_density[0]      = 0
   wall_density[1]      = 0
   wall_ewald_zfac      = 3
   pull                 = no
   disre                = No
   disre_weighting      = Conservative
   disre_mixed          = FALSE
   dr_fc                = 1000
   dr_tau               = 0
   nstdisreout          = 100
   orires_fc            = 0
   orires_tau           = 0
   nstorireout          = 100
   dihre-fc             = 1000
   em_stepsize          = 0.01
   em_tol               = 1000
   niter                = 20
   fc_stepsize          = 0
   nstcgsteep           = 1000
   nbfgscorr            = 10
   ConstAlg             = Lincs
   shake_tol            = 0.0001
   lincs_order          = 4
   lincs_warnangle      = 30
   lincs_iter           = 1
   bd_fric              = 0
   ld_seed              = 1993
   cos_accel            = 0
   deform (3x3):
      deform[    0]={ 0.00000e+00,  0.00000e+00,  0.00000e+00}
      deform[    1]={ 0.00000e+00,  0.00000e+00,  0.00000e+00}
      deform[    2]={ 0.00000e+00,  0.00000e+00,  0.00000e+00}
   userint1             = 0
   userint2             = 0
   userint3             = 0
   userint4             = 0
   userreal1            = 0
   userreal2            = 0
   userreal3            = 0
   userreal4            = 0
grpopts:
   nrdf:         813
   ref_t:           0
   tau_t:           0
anneal:          No
ann_npoints:           0
   acc:	           0           0           0
   nfreeze:           N           N           N
   energygrp_flags[  0]: 0
   efield-x:
      n = 0
   efield-xt:
      n = 0
   efield-y:
      n = 0
   efield-yt:
      n = 0
   efield-z:
      n = 0
   efield-zt:
      n = 0
   bQMMM                = FALSE
   QMconstraints        = 0
   QMMMscheme           = 0
   scalefactor          = 1
qm_opts:
   ngQM                 = 0

Initializing Domain Decomposition on 3 nodes
Dynamic load balancing: no
Will sort the charge groups at every domain (re)decomposition
Initial maximum inter charge-group distances:
    two-body bonded interactions: 0.397 nm, LJ-14, atoms 237 251
  multi-body bonded interactions: 0.428 nm, CMAP Dih., atoms 231 247
Minimum cell size due to bonded interactions: 0.470 nm
Optimizing the DD grid for 3 cells with a minimum initial size of 0.470 nm
The maximum allowed number of cells is: X 2 Y 3 Z 3
Domain decomposition grid 1 x 3 x 1, separate PME nodes 0
Domain decomposition nodeid 0, coordinates 0 0 0

Table routines are used for coulomb: FALSE
Table routines are used for vdw:     FALSE
Cut-off's:   NS: 6   Coulomb: 6   LJ: 6
System total charge: -1.000
Generated table with 3500 data points for 1-4 COUL.
Tabscale = 500 points/nm
Generated table with 3500 data points for 1-4 LJ6.
Tabscale = 500 points/nm
Generated table with 3500 data points for 1-4 LJ12.
Tabscale = 500 points/nm
Configuring nonbonded kernels...
Configuring standard C nonbonded kernels...
Testing x86_64 SSE2 support... present.



Linking all bonded interactions to atoms

The initial number of communication pulses is: Y 2
The initial domain decomposition cell size is: Y 0.56 nm

The maximum allowed distance for charge groups involved in interactions is:
                 non-bonded interactions           6.000 nm
(the following are initial values, they could change due to box deformation)
            two-body bonded interactions  (-rdd)   6.000 nm
          multi-body bonded interactions  (-rdd)   0.557 nm


Making 1D domain decomposition grid 1 x 3 x 1, home cell index 0 0 0

Initiating Steepest Descents
Charge group distribution at step 0: 85 100 87
Grid: 2 x 6 x 3 cells
Started Steepest Descents on node 0 Thu Jul 19 15:56:44 2018

Steepest Descents:
   Tolerance (Fmax)   =  1.00000e+03
   Number of steps    =            0
           Step           Time         Lambda
              0        0.00000        0.00000

   Energies (kJ/mol)
           Bond            U-B    Proper Dih.  Improper Dih.      CMAP Dih.
    2.34264e+02    7.55356e+02    3.34435e+02    2.26198e+01   -1.10489e+02
          LJ-14     Coulomb-14        LJ (SR)   Coulomb (SR)      Potential
    2.37271e+02    4.44667e+03   -3.88285e+02   -5.15734e+03    3.74496e+02
 Pressure (bar)
    0.00000e+00


Reached the maximum number of steps before reaching Fmax < 1000

Steepest Descents did not converge to Fmax < 1000 in 1 steps.
Potential Energy  =  3.7449597e+02
Maximum force     =  4.0164277e+03 on atom 195
Norm of force     =  1.2641947e+03

	M E G A - F L O P S   A C C O U N T I N G

   RF=Reaction-Field  FE=Free Energy  SCFE=Soft-Core/Free Energy
   T=Tabulated        W3=SPC/TIP3p    W4=TIP4p (single or pairs)
   NF=No Forces

 Computing:                               M-Number         M-Flops  % Flops
-----------------------------------------------------------------------------
 LJ                                       0.001771           0.058     2.4
 Coulomb + LJ                             0.034089           1.295    52.8
 Outer nonbonded loop                     0.000506           0.005     0.2
 1,4 nonbonded interactions               0.000718           0.065     2.6
 NS-Pairs                                 0.037128           0.780    31.8
 Reset In Box                             0.000272           0.001     0.0
 CG-CoM                                   0.000544           0.002     0.1
 Bonds                                    0.000278           0.016     0.7
 Propers                                  0.000945           0.216     8.8
 Impropers                                0.000046           0.010     0.4
 Virial                                   0.000407           0.007     0.3
 (null)                                   0.000007           0.000     0.0
-----------------------------------------------------------------------------
 Total                                                       2.455   100.0
-----------------------------------------------------------------------------


    D O M A I N   D E C O M P O S I T I O N   S T A T I S T I C S

 av. #atoms communicated per step for force:  2 x 274.0


     R E A L   C Y C L E   A N D   T I M E   A C C O U N T I N G

 Computing:         Nodes     Number     G-Cycles    Seconds     %
-----------------------------------------------------------------------
 Domain decomp.         3          1        0.303        0.0    35.2
 Comm. coord.           3          1        0.000        0.0     0.0
 Neighbor search        3          1        0.004        0.0     0.5
 Force                  3          1        0.003        0.0     0.4
 Wait + Comm. F         3          1        0.006        0.0     0.7
 Comm. energies         3          1        0.000        0.0     0.0
 Rest                   3                   0.545        0.1    63.2
-----------------------------------------------------------------------
 Total                  3                   0.862        0.1   100.0
-----------------------------------------------------------------------

	Parallel run - timing based on wallclock.

               NODE (s)   Real (s)      (%)
       Time:      0.045      0.045    100.0
               (Mnbf/s)   (MFlops)   (steps/hour)
Performance:      0.790      2.455        79342.4
Finished mdrun on node 0 Thu Jul 19 15:56:44 2018
